{
  "stats": {
    "suites": 1,
    "tests": 2,
    "passes": 2,
    "pending": 0,
    "failures": 0,
    "start": "2024-05-10T18:10:17.211Z",
    "end": "2024-05-10T18:10:18.710Z",
    "duration": 1499,
    "testsRegistered": 2,
    "passPercent": 100,
    "pendingPercent": 0,
    "other": 0,
    "hasOther": false,
    "skipped": 0,
    "hasSkipped": false
  },
  "results": [
    {
      "uuid": "09aaf8e1-800b-4b06-af6e-2fee1b3c5aae",
      "title": "",
      "fullFile": "cypress\\e2e\\test\\hardCoding.cy.js",
      "file": "cypress\\e2e\\test\\hardCoding.cy.js",
      "beforeHooks": [],
      "afterHooks": [],
      "tests": [],
      "suites": [
        {
          "uuid": "9b1393c0-b019-43fa-ae41-68e3ba1730e9",
          "title": "TC Hard Code - Login",
          "fullFile": "",
          "file": "",
          "beforeHooks": [],
          "afterHooks": [],
          "tests": [
            {
              "title": "TC1: Login Succesfully",
              "fullTitle": "TC Hard Code - Login TC1: Login Succesfully",
              "timedOut": null,
              "duration": 998,
              "state": "passed",
              "speed": "fast",
              "pass": true,
              "fail": false,
              "pending": false,
              "context": null,
              "code": "cy.get(\"[type='text']\").eq(4).type(\"Upex\"); //username\ncy.get(\"[type='password']\").type(\"12345\"); //password\ncy.get(\"button[type='submit']\") //boton\n.click();\ncy.contains(\"Hello\").should(\"be.visible\");",
              "err": {},
              "uuid": "c9a0b3a9-05df-4d41-996a-89ab64ede1e7",
              "parentUUID": "9b1393c0-b019-43fa-ae41-68e3ba1730e9",
              "isHook": false,
              "skipped": false
            },
            {
              "title": "TC2: Empty password return error",
              "fullTitle": "TC Hard Code - Login TC2: Empty password return error",
              "timedOut": null,
              "duration": 440,
              "state": "passed",
              "speed": "fast",
              "pass": true,
              "fail": false,
              "pending": false,
              "context": null,
              "code": "cy.get('[type=\"text\"]').eq(4).type(\"Upex\");\ncy.get('button[type=\"submit\"]').click();\ncy.contains(\"Password is a required field\").should(\"be.visible\");",
              "err": {},
              "uuid": "cd141304-bcb8-4164-b90a-e0cb6f221091",
              "parentUUID": "9b1393c0-b019-43fa-ae41-68e3ba1730e9",
              "isHook": false,
              "skipped": false
            }
          ],
          "suites": [],
          "passes": [
            "c9a0b3a9-05df-4d41-996a-89ab64ede1e7",
            "cd141304-bcb8-4164-b90a-e0cb6f221091"
          ],
          "failures": [],
          "pending": [],
          "skipped": [],
          "duration": 1438,
          "root": false,
          "rootEmpty": false,
          "_timeout": 2000
        }
      ],
      "passes": [],
      "failures": [],
      "pending": [],
      "skipped": [],
      "duration": 0,
      "root": true,
      "rootEmpty": true,
      "_timeout": 2000
    }
  ],
  "meta": {
    "mocha": {
      "version": "7.0.1"
    },
    "mochawesome": {
      "options": {
        "quiet": false,
        "reportFilename": "mochawesome",
        "saveHtml": false,
        "saveJson": true,
        "consoleReporter": "spec",
        "useInlineDiffs": false,
        "code": true
      },
      "version": "7.1.3"
    },
    "marge": {
      "options": {
        "mochafile": "reports/test-results.xml",
        "toConsole": true,
        "outputs": true,
        "reportDir": "C:Users\\bicho\\OneDrive\\Escritorio\\CyBP\\cypress-best-practices\\reports\\.jsons",
        "charts": true,
        "reportPageTitle": "Reporte de Tests",
        "embeddedScreenshots": true,
        "inlineAssets": true,
        "saveAllAttempts": false,
        "overwrite": false,
        "html": false,
        "json": true
      },
      "version": "6.2.0"
    }
  }
}