{
  "stats": {
    "suites": 1,
    "tests": 1,
    "passes": 1,
    "pending": 0,
    "failures": 0,
    "start": "2024-05-10T18:10:14.596Z",
    "end": "2024-05-10T18:10:15.882Z",
    "duration": 1286,
    "testsRegistered": 1,
    "passPercent": 100,
    "pendingPercent": 0,
    "other": 0,
    "hasOther": false,
    "skipped": 0,
    "hasSkipped": false
  },
  "results": [
    {
      "uuid": "94c6630e-430d-4d9c-8f72-955e2228a8db",
      "title": "",
      "fullFile": "cypress\\e2e\\test\\fixtureTest.cy.js",
      "file": "cypress\\e2e\\test\\fixtureTest.cy.js",
      "beforeHooks": [],
      "afterHooks": [],
      "tests": [],
      "suites": [
        {
          "uuid": "1fcbca2e-f2a3-4c33-afbd-c68139379a3a",
          "title": "TC Fixtire - Login",
          "fullFile": "",
          "file": "",
          "beforeHooks": [],
          "afterHooks": [],
          "tests": [
            {
              "title": "TC1: Login Succesfully",
              "fullTitle": "TC Fixtire - Login TC1: Login Succesfully",
              "timedOut": null,
              "duration": 1251,
              "state": "passed",
              "speed": "fast",
              "pass": true,
              "fail": false,
              "pending": false,
              "context": null,
              "code": "cy.fixture(\"DOM/spacebeyond/account.Page\").then(the => {\n  cy.get(the.username.input).type(the.username.data.valid);\n  cy.get(the.password.input).type(the.password.data.valid);\n  cy.get(the.submitbutton).click();\n  cy.contains(the.LoginButton.Off).should(\"be.visible\");\n});",
              "err": {},
              "uuid": "139830ec-67a5-4016-a498-7ac1f0d3ab5d",
              "parentUUID": "1fcbca2e-f2a3-4c33-afbd-c68139379a3a",
              "isHook": false,
              "skipped": false
            }
          ],
          "suites": [],
          "passes": [
            "139830ec-67a5-4016-a498-7ac1f0d3ab5d"
          ],
          "failures": [],
          "pending": [],
          "skipped": [],
          "duration": 1251,
          "root": false,
          "rootEmpty": false,
          "_timeout": 2000
        }
      ],
      "passes": [],
      "failures": [],
      "pending": [],
      "skipped": [],
      "duration": 0,
      "root": true,
      "rootEmpty": true,
      "_timeout": 2000
    }
  ],
  "meta": {
    "mocha": {
      "version": "7.0.1"
    },
    "mochawesome": {
      "options": {
        "quiet": false,
        "reportFilename": "mochawesome",
        "saveHtml": false,
        "saveJson": true,
        "consoleReporter": "spec",
        "useInlineDiffs": false,
        "code": true
      },
      "version": "7.1.3"
    },
    "marge": {
      "options": {
        "mochafile": "reports/test-results.xml",
        "toConsole": true,
        "outputs": true,
        "reportDir": "C:Users\\bicho\\OneDrive\\Escritorio\\CyBP\\cypress-best-practices\\reports\\.jsons",
        "charts": true,
        "reportPageTitle": "Reporte de Tests",
        "embeddedScreenshots": true,
        "inlineAssets": true,
        "saveAllAttempts": false,
        "overwrite": false,
        "html": false,
        "json": true
      },
      "version": "6.2.0"
    }
  }
}